# JRE version: OpenJDK Runtime Environment (11.0.10) (build 11.0.10+0-b96-7249189)
# Java VM: OpenJDK 64-Bit Server VM (11.0.10+0-b96-7249189, mixed mode, tiered, compressed oops, g1 gc, windows-amd64)
Heap:
 garbage-first heap   total 533504K, used 353228K [0x0000000080000000, 0x0000000100000000)
  region size 1024K, 161 young (164864K), 3 survivors (3072K)
 Metaspace       used 153470K, capacity 157816K, committed 158028K, reserved 1187840K
  class space    used 18912K, capacity 20518K, committed 20608K, reserved 1048576K
GC Heap History (20 events):
Event: 540.527 GC heap before
{Heap before GC invocations=151 (full 0):
 garbage-first heap   total 533504K, used 279997K [0x0000000080000000, 0x0000000100000000)
  region size 1024K, 31 young (31744K), 4 survivors (4096K)
 Metaspace       used 148252K, capacity 152277K, committed 152524K, reserved 1181696K
  class space    used 18369K, capacity 19855K, committed 19968K, reserved 1048576K
}
Event: 540.607 GC heap after
{Heap after GC invocations=152 (full 0):
 garbage-first heap   total 533504K, used 258321K [0x0000000080000000, 0x0000000100000000)
  region size 1024K, 9 young (9216K), 9 survivors (9216K)
 Metaspace       used 148252K, capacity 152277K, committed 152524K, reserved 1181696K
  class space    used 18369K, capacity 19855K, committed 19968K, reserved 1048576K
}
Event: 543.057 GC heap before
{Heap before GC invocations=153 (full 0):
 garbage-first heap   total 533504K, used 381201K [0x0000000080000000, 0x0000000100000000)
  region size 1024K, 121 young (123904K), 9 survivors (9216K)
 Metaspace       used 150298K, capacity 154409K, committed 154444K, reserved 1183744K
  class space    used 18562K, capacity 20088K, committed 20096K, reserved 1048576K
}
Event: 543.082 GC heap after
{Heap after GC invocations=154 (full 0):
 garbage-first heap   total 533504K, used 275129K [0x0000000080000000, 0x0000000100000000)
  region size 1024K, 16 young (16384K), 16 survivors (16384K)
 Metaspace       used 150298K, capacity 154409K, committed 154444K, reserved 1183744K
  class space    used 18562K, capacity 20088K, committed 20096K, reserved 1048576K
}
Event: 543.210 GC heap before
{Heap before GC invocations=154 (full 0):
 garbage-first heap   total 533504K, used 284345K [0x0000000080000000, 0x0000000100000000)
  region size 1024K, 26 young (26624K), 16 survivors (16384K)
 Metaspace       used 150532K, capacity 154666K, committed 154828K, reserved 1183744K
  class space    used 18591K, capacity 20132K, committed 20224K, reserved 1048576K
}
Event: 543.294 GC heap after
{Heap after GC invocations=155 (full 0):
 garbage-first heap   total 533504K, used 273843K [0x0000000080000000, 0x0000000100000000)
  region size 1024K, 3 young (3072K), 3 survivors (3072K)
 Metaspace       used 150532K, capacity 154666K, committed 154828K, reserved 1183744K
  class space    used 18591K, capacity 20132K, committed 20224K, reserved 1048576K
}
Event: 543.298 GC heap before
{Heap before GC invocations=155 (full 0):
 garbage-first heap   total 533504K, used 274867K [0x0000000080000000, 0x0000000100000000)
  region size 1024K, 5 young (5120K), 3 survivors (3072K)
 Metaspace       used 150546K, capacity 154666K, committed 154828K, reserved 1183744K
  class space    used 18592K, capacity 20132K, committed 20224K, reserved 1048576K
}
Event: 543.313 GC heap after
{Heap after GC invocations=156 (full 0):
 garbage-first heap   total 533504K, used 272266K [0x0000000080000000, 0x0000000100000000)
  region size 1024K, 1 young (1024K), 1 survivors (1024K)
 Metaspace       used 150546K, capacity 154666K, committed 154828K, reserved 1183744K
  class space    used 18592K, capacity 20132K, committed 20224K, reserved 1048576K
}
Event: 545.879 GC heap before
{Heap before GC invocations=157 (full 0):
 garbage-first heap   total 533504K, used 414602K [0x0000000080000000, 0x0000000100000000)
  region size 1024K, 123 young (125952K), 1 survivors (1024K)
 Metaspace       used 150964K, capacity 155096K, committed 155340K, reserved 1183744K
  class space    used 18626K, capacity 20167K, committed 20224K, reserved 1048576K
}
Event: 545.893 GC heap after
{Heap after GC invocations=158 (full 0):
 garbage-first heap   total 533504K, used 276715K [0x0000000080000000, 0x0000000100000000)
  region size 1024K, 7 young (7168K), 7 survivors (7168K)
 Metaspace       used 150964K, capacity 155096K, committed 155340K, reserved 1183744K
  class space    used 18626K, capacity 20167K, committed 20224K, reserved 1048576K
}
Event: 546.243 GC heap before
{Heap before GC invocations=158 (full 0):
 garbage-first heap   total 533504K, used 295147K [0x0000000080000000, 0x0000000100000000)
  region size 1024K, 26 young (26624K), 7 survivors (7168K)
 Metaspace       used 150993K, capacity 155115K, committed 155340K, reserved 1183744K
  class space    used 18631K, capacity 20171K, committed 20224K, reserved 1048576K
}
Event: 546.263 GC heap after
{Heap after GC invocations=159 (full 0):
 garbage-first heap   total 533504K, used 261728K [0x0000000080000000, 0x0000000100000000)
  region size 1024K, 1 young (1024K), 1 survivors (1024K)
 Metaspace       used 150993K, capacity 155115K, committed 155340K, reserved 1183744K
  class space    used 18631K, capacity 20171K, committed 20224K, reserved 1048576K
}
Event: 546.332 GC heap before
{Heap before GC invocations=159 (full 0):
 garbage-first heap   total 533504K, used 263776K [0x0000000080000000, 0x0000000100000000)
  region size 1024K, 4 young (4096K), 1 survivors (1024K)
 Metaspace       used 151082K, capacity 155273K, committed 155340K, reserved 1183744K
  class space    used 18639K, capacity 20176K, committed 20224K, reserved 1048576K
}
Event: 546.340 GC heap after
{Heap after GC invocations=160 (full 0):
 garbage-first heap   total 533504K, used 261597K [0x0000000080000000, 0x0000000100000000)
  region size 1024K, 1 young (1024K), 1 survivors (1024K)
 Metaspace       used 151082K, capacity 155273K, committed 155340K, reserved 1183744K
  class space    used 18639K, capacity 20176K, committed 20224K, reserved 1048576K
}
Event: 548.092 GC heap before
{Heap before GC invocations=161 (full 0):
 garbage-first heap   total 533504K, used 294365K [0x0000000080000000, 0x0000000100000000)
  region size 1024K, 113 young (115712K), 1 survivors (1024K)
 Metaspace       used 151358K, capacity 155565K, committed 155596K, reserved 1185792K
  class space    used 18667K, capacity 20218K, committed 20224K, reserved 1048576K
}
Event: 548.106 GC heap after
{Heap after GC invocations=162 (full 0):
 garbage-first heap   total 533504K, used 180842K [0x0000000080000000, 0x0000000100000000)
  region size 1024K, 7 young (7168K), 7 survivors (7168K)
 Metaspace       used 151358K, capacity 155565K, committed 155596K, reserved 1185792K
  class space    used 18667K, capacity 20218K, committed 20224K, reserved 1048576K
}
Event: 548.472 GC heap before
{Heap before GC invocations=162 (full 0):
 garbage-first heap   total 533504K, used 200298K [0x0000000080000000, 0x0000000100000000)
  region size 1024K, 26 young (26624K), 7 survivors (7168K)
 Metaspace       used 151377K, capacity 155567K, committed 155596K, reserved 1185792K
  class space    used 18668K, capacity 20218K, committed 20224K, reserved 1048576K
}
Event: 548.489 GC heap after
{Heap after GC invocations=163 (full 0):
 garbage-first heap   total 533504K, used 157868K [0x0000000080000000, 0x0000000100000000)
  region size 1024K, 3 young (3072K), 3 survivors (3072K)
 Metaspace       used 151377K, capacity 155567K, committed 155596K, reserved 1185792K
  class space    used 18668K, capacity 20218K, committed 20224K, reserved 1048576K
}
Event: 548.491 GC heap before
{Heap before GC invocations=163 (full 0):
 garbage-first heap   total 533504K, used 157868K [0x0000000080000000, 0x0000000100000000)
  region size 1024K, 4 young (4096K), 3 survivors (3072K)
 Metaspace       used 151380K, capacity 155567K, committed 155596K, reserved 1185792K
  class space    used 18668K, capacity 20218K, committed 20224K, reserved 1048576K
}
Event: 548.498 GC heap after
{Heap after GC invocations=164 (full 0):
 garbage-first heap   total 533504K, used 157644K [0x0000000080000000, 0x0000000100000000)
  region size 1024K, 3 young (3072K), 3 survivors (3072K)
 Metaspace       used 151380K, capacity 155567K, committed 155596K, reserved 1185792K
  class space    used 18668K, capacity 20218K, committed 20224K, reserved 1048576K
}

